<?xml version="1.0" encoding="UTF-8"?>
<!-- Generated by org.testng.reporters.JUnitReportReporter -->
<testsuite hostname="DESKTOP-HLBM2PG" failures="0" tests="1" name="com.Restaurant.Testcases.ForTestingPurposeTest" time="20.807" errors="0" timestamp="2022-12-10T21:27:39 IST" skipped="0">
  <testcase classname="com.Restaurant.Testcases.ForTestingPurposeTest" name="VerifyValidUserLogin" time="20.807"/>
  <system-out/>
</testsuite> <!-- com.Restaurant.Testcases.ForTestingPurposeTest -->
