<?xml version="1.0" encoding="UTF-8"?>
<!-- Generated by org.testng.reporters.JUnitReportReporter -->
<testsuite hostname="DESKTOP-HLBM2PG" failures="0" tests="1" name="com.Restaurant.Testcases.VerifyUserLogoutTest" time="102.711" errors="0" timestamp="2022-12-10T08:51:04 IST" skipped="0">
  <testcase classname="com.Restaurant.Testcases.VerifyUserLogoutTest" name="VerifyUserLogout" time="102.711"/>
  <system-out/>
</testsuite> <!-- com.Restaurant.Testcases.VerifyUserLogoutTest -->
