<?xml version="1.0" encoding="UTF-8"?>
<!-- Generated by org.testng.reporters.JUnitReportReporter -->
<testsuite hostname="DESKTOP-HLBM2PG" failures="0" tests="1" name="com.Restaurant.Testcases.VerifyAddStoreTest" time="35.663" errors="0" timestamp="2022-12-13T20:57:11 IST" skipped="0">
  <testcase classname="com.Restaurant.Testcases.VerifyAddStoreTest" name="AddingStore" time="35.663"/>
  <system-out/>
</testsuite> <!-- com.Restaurant.Testcases.VerifyAddStoreTest -->
