<?xml version="1.0" encoding="UTF-8"?>
<!-- Generated by org.testng.reporters.JUnitReportReporter -->
<testsuite hostname="DESKTOP-HLBM2PG" failures="0" tests="1" name="com.Restaurant.Testcases.VerifyValidUserLoginTest" time="21.951" errors="0" timestamp="2022-12-09T13:30:56 IST" skipped="0">
  <testcase classname="com.Restaurant.Testcases.VerifyValidUserLoginTest" name="VerifyUserLogin" time="21.951"/>
  <system-out/>
</testsuite> <!-- com.Restaurant.Testcases.VerifyValidUserLoginTest -->
