<?xml version="1.0" encoding="UTF-8"?>
<!-- Generated by org.testng.reporters.JUnitReportReporter -->
<testsuite hostname="DESKTOP-HLBM2PG" failures="0" tests="3" name="com.Restaurant.Testcases.VerifyAddProductTest" time="97.308" errors="0" timestamp="2022-12-24T12:24:12 IST" skipped="0">
  <testcase classname="com.Restaurant.Testcases.VerifyAddProductTest" name="AddingProduct" time="36.182"/>
  <system-out/>
  <testcase classname="com.Restaurant.Testcases.VerifyAddProductTest" name="EditProduct" time="30.536"/>
  <system-out/>
  <testcase classname="com.Restaurant.Testcases.VerifyAddProductTest" name="DeleteProduct" time="30.590"/>
  <system-out/>
</testsuite> <!-- com.Restaurant.Testcases.VerifyAddProductTest -->
