<?xml version="1.0" encoding="UTF-8"?>
<!-- Generated by org.testng.reporters.JUnitReportReporter -->
<testsuite hostname="DESKTOP-HLBM2PG" failures="0" tests="3" name="com.Restaurant.Testcases.VerifyAddCustomerTest" time="100.758" errors="0" timestamp="2022-12-24T12:19:47 IST" skipped="0">
  <testcase classname="com.Restaurant.Testcases.VerifyAddCustomerTest" name="AddCustomer" time="35.176"/>
  <system-out/>
  <testcase classname="com.Restaurant.Testcases.VerifyAddCustomerTest" name="EditCustomer" time="39.148"/>
  <system-out/>
  <testcase classname="com.Restaurant.Testcases.VerifyAddCustomerTest" name="DeleteCustomer" time="26.434"/>
  <system-out/>
</testsuite> <!-- com.Restaurant.Testcases.VerifyAddCustomerTest -->
