<?xml version="1.0" encoding="UTF-8"?>
<!-- Generated by org.testng.reporters.JUnitReportReporter -->
<testsuite hostname="DESKTOP-HLBM2PG" failures="0" tests="2" name="com.Restaurant.Testcases.VerifyAddExpenceTest" time="100.940" errors="0" timestamp="2022-12-24T13:25:42 IST" skipped="0">
  <testcase classname="com.Restaurant.Testcases.VerifyAddExpenceTest" name="AddExpence" time="64.915"/>
  <system-out/>
  <testcase classname="com.Restaurant.Testcases.VerifyAddExpenceTest" name="DeleteExpence" time="36.025"/>
  <system-out/>
</testsuite> <!-- com.Restaurant.Testcases.VerifyAddExpenceTest -->
