<?xml version="1.0" encoding="UTF-8"?>
<!-- Generated by org.testng.reporters.JUnitReportReporter -->
<testsuite hostname="DESKTOP-HLBM2PG" failures="0" tests="1" name="Restuarant.LoginPageVerification" time="25.115" errors="0" timestamp="2022-12-07T15:34:59 IST" skipped="0">
  <testcase classname="Restuarant.LoginPageVerification" name="loginPage" time="25.115"/>
  <system-out/>
</testsuite> <!-- Restuarant.LoginPageVerification -->
