<?xml version="1.0" encoding="UTF-8"?>
<!-- Generated by org.testng.reporters.JUnitReportReporter -->
<testsuite hostname="DESKTOP-HLBM2PG" failures="0" tests="3" name="com.Restaurant.Testcases.VerifyEditStoreTest" time="99.912" errors="0" timestamp="2022-12-24T12:34:54 IST" skipped="0">
  <testcase classname="com.Restaurant.Testcases.VerifyEditStoreTest" name="AddingStore" time="48.769"/>
  <system-out/>
  <testcase classname="com.Restaurant.Testcases.VerifyEditStoreTest" name="AddTableInStore" time="25.168"/>
  <system-out/>
  <testcase classname="com.Restaurant.Testcases.VerifyEditStoreTest" name="DeleteStore" time="25.975"/>
  <system-out/>
</testsuite> <!-- com.Restaurant.Testcases.VerifyEditStoreTest -->
