<?xml version="1.0" encoding="UTF-8"?>
<!-- Generated by org.testng.reporters.JUnitReportReporter -->
<testsuite hostname="DESKTOP-HLBM2PG" failures="0" tests="2" name="com.Restaurant.Testcases.VerifyAddWaiterTest" time="53.659" errors="0" timestamp="2022-12-14T12:49:48 IST" skipped="0">
  <testcase classname="com.Restaurant.Testcases.VerifyAddWaiterTest" name="AddingWaiter" time="26.941"/>
  <system-out/>
  <testcase classname="com.Restaurant.Testcases.VerifyAddWaiterTest" name="DeleteWaiter" time="26.718"/>
  <system-out/>
</testsuite> <!-- com.Restaurant.Testcases.VerifyAddWaiterTest -->
