<?xml version="1.0" encoding="UTF-8"?>
<!-- Generated by org.testng.reporters.JUnitReportReporter -->
<testsuite hostname="DESKTOP-HLBM2PG" failures="0" tests="1" name="com.Restaurant.Testcases.VerifyProductStatsGetReportTest" time="27.965" errors="0" timestamp="2022-12-24T12:41:56 IST" skipped="0">
  <testcase classname="com.Restaurant.Testcases.VerifyProductStatsGetReportTest" name="GetReportForProductStats" time="27.965"/>
  <system-out/>
</testsuite> <!-- com.Restaurant.Testcases.VerifyProductStatsGetReportTest -->
