<?xml version="1.0" encoding="UTF-8"?>
<!-- Generated by org.testng.reporters.JUnitReportReporter -->
<testsuite hostname="DESKTOP-HLBM2PG" failures="0" tests="1" name="com.Restaurant.Testcases.VerifyUserLoginTest" time="23.098" errors="0" timestamp="2022-12-24T12:54:36 IST" skipped="0">
  <testcase classname="com.Restaurant.Testcases.VerifyUserLoginTest" name="VerifyValidUserLogin" time="23.098"/>
  <system-out/>
</testsuite> <!-- com.Restaurant.Testcases.VerifyUserLoginTest -->
