<?xml version="1.0" encoding="UTF-8"?>
<!-- Generated by org.testng.reporters.JUnitReportReporter -->
<testsuite hostname="DESKTOP-HLBM2PG" failures="0" tests="3" name="com.Restaurant.Testcases.VerifyAddSupplierTest" time="113.306" errors="0" timestamp="2022-12-24T12:26:38 IST" skipped="0">
  <testcase classname="com.Restaurant.Testcases.VerifyAddSupplierTest" name="AddSupplier" time="36.683"/>
  <system-out/>
  <testcase classname="com.Restaurant.Testcases.VerifyAddSupplierTest" name="EditSupplier" time="46.694"/>
  <system-out/>
  <testcase classname="com.Restaurant.Testcases.VerifyAddSupplierTest" name="DeleteSupplier" time="29.929"/>
  <system-out/>
</testsuite> <!-- com.Restaurant.Testcases.VerifyAddSupplierTest -->
