<?xml version="1.0" encoding="UTF-8"?>
<!-- Generated by org.testng.reporters.JUnitReportReporter -->
<testsuite hostname="DESKTOP-HLBM2PG" failures="0" tests="1" name="com.Restaurant.Testcases.VerifyChangeLanguageTest" time="30.246" errors="0" timestamp="2022-12-24T12:27:42 IST" skipped="0">
  <testcase classname="com.Restaurant.Testcases.VerifyChangeLanguageTest" name="ChangeToFrance" time="30.246"/>
  <system-out/>
</testsuite> <!-- com.Restaurant.Testcases.VerifyChangeLanguageTest -->
