<?xml version="1.0" encoding="UTF-8"?>
<!-- Generated by org.testng.reporters.JUnitReportReporter -->
<testsuite hostname="DESKTOP-HLBM2PG" failures="0" tests="2" name="com.Restaurant.Testcases.VerifyEditWaiterTest" time="108.499" errors="0" timestamp="2022-12-24T12:37:24 IST" skipped="0">
  <testcase classname="com.Restaurant.Testcases.VerifyEditWaiterTest" name="DeleteWaiter" time="35.348"/>
  <system-out/>
  <testcase classname="com.Restaurant.Testcases.VerifyEditWaiterTest" name="AddingWaiter" time="73.151"/>
  <system-out/>
</testsuite> <!-- com.Restaurant.Testcases.VerifyEditWaiterTest -->
