<?xml version="1.0" encoding="UTF-8"?>
<!-- Generated by org.testng.reporters.JUnitReportReporter -->
<testsuite hostname="DESKTOP-HLBM2PG" failures="0" tests="3" name="com.Restaurant.Testcases.VerifyReportsPageTest" time="86.614" errors="0" timestamp="2022-12-24T12:44:50 IST" skipped="0">
  <testcase classname="com.Restaurant.Testcases.VerifyReportsPageTest" name="ReveExpnOnNextYear" time="33.820"/>
  <system-out/>
  <testcase classname="com.Restaurant.Testcases.VerifyReportsPageTest" name="ReveExpnOnPreviousYear" time="26.655"/>
  <system-out/>
  <testcase classname="com.Restaurant.Testcases.VerifyReportsPageTest" name="SelectReportsOption" time="26.139"/>
  <system-out/>
</testsuite> <!-- com.Restaurant.Testcases.VerifyReportsPageTest -->
