<?xml version="1.0" encoding="UTF-8"?>
<!-- Generated by org.testng.reporters.JUnitReportReporter -->
<testsuite hostname="DESKTOP-HLBM2PG" failures="0" tests="1" name="com.Restaurant.Testcases.VerifyClientStatsGetReportTest" time="35.631" errors="0" timestamp="2022-12-24T12:28:43 IST" skipped="0">
  <testcase classname="com.Restaurant.Testcases.VerifyClientStatsGetReportTest" name="GetReportForClientStats" time="35.631"/>
  <system-out/>
</testsuite> <!-- com.Restaurant.Testcases.VerifyClientStatsGetReportTest -->
