<?xml version="1.0" encoding="UTF-8"?>
<!-- Generated by org.testng.reporters.JUnitReportReporter -->
<testsuite hostname="DESKTOP-HLBM2PG" failures="0" tests="5" name="com.Restaurant.Testcases.VerifyHomePageTest" time="183.722" errors="0" timestamp="2022-12-24T12:40:52 IST" skipped="0">
  <testcase classname="com.Restaurant.Testcases.VerifyHomePageTest" name="ShopWithWaiter" time="42.412"/>
  <system-out/>
  <testcase classname="com.Restaurant.Testcases.VerifyHomePageTest" name="AddingWaiter" time="47.041"/>
  <system-out/>
  <testcase classname="com.Restaurant.Testcases.VerifyHomePageTest" name="DeleteWaiter" time="28.755"/>
  <system-out/>
  <testcase classname="com.Restaurant.Testcases.VerifyHomePageTest" name="ShopWithoutWaiter" time="35.179"/>
  <system-out/>
  <testcase classname="com.Restaurant.Testcases.VerifyHomePageTest" name="DeleteStore" time="30.335"/>
  <system-out/>
</testsuite> <!-- com.Restaurant.Testcases.VerifyHomePageTest -->
