<?xml version="1.0" encoding="UTF-8"?>
<testsuite xmlns:xsi="http://www.w3.org/2001/XMLSchema-instance" xsi:noNamespaceSchemaLocation="https://maven.apache.org/surefire/maven-surefire-plugin/xsd/surefire-test-report-3.0.xsd" version="3.0" name="TestSuite" time="80.483" tests="4" errors="0" skipped="0" failures="0">
  <properties>
    <property name="java.specification.version" value="17"/>
    <property name="webdriver.chrome.driver" value="C:\Users\admin\.cache\selenium\chromedriver\win32\108.0.5359.71\chromedriver.exe"/>
    <property name="sun.cpu.isalist" value="amd64"/>
    <property name="sun.jnu.encoding" value="Cp1252"/>
    <property name="java.class.path" value="C:\Users\admin\eclipse-workspace\RestuarantAutomation\target\test-classes;C:\Users\admin\eclipse-workspace\RestuarantAutomation\target\classes;C:\Users\admin\.m2\repository\org\seleniumhq\selenium\selenium-java\4.5.3\selenium-java-4.5.3.jar;C:\Users\admin\.m2\repository\org\seleniumhq\selenium\selenium-api\4.5.3\selenium-api-4.5.3.jar;C:\Users\admin\.m2\repository\org\seleniumhq\selenium\selenium-chrome-driver\4.5.3\selenium-chrome-driver-4.5.3.jar;C:\Users\admin\.m2\repository\com\google\auto\service\auto-service-annotations\1.0.1\auto-service-annotations-1.0.1.jar;C:\Users\admin\.m2\repository\com\google\auto\service\auto-service\1.0.1\auto-service-1.0.1.jar;C:\Users\admin\.m2\repository\com\google\auto\auto-common\1.2\auto-common-1.2.jar;C:\Users\admin\.m2\repository\com\google\guava\guava\31.1-jre\guava-31.1-jre.jar;C:\Users\admin\.m2\repository\com\google\guava\failureaccess\1.0.1\failureaccess-1.0.1.jar;C:\Users\admin\.m2\repository\com\google\guava\listenablefuture\9999.0-empty-to-avoid-conflict-with-guava\listenablefuture-9999.0-empty-to-avoid-conflict-with-guava.jar;C:\Users\admin\.m2\repository\org\checkerframework\checker-qual\3.12.0\checker-qual-3.12.0.jar;C:\Users\admin\.m2\repository\com\google\errorprone\error_prone_annotations\2.11.0\error_prone_annotations-2.11.0.jar;C:\Users\admin\.m2\repository\com\google\j2objc\j2objc-annotations\1.3\j2objc-annotations-1.3.jar;C:\Users\admin\.m2\repository\org\seleniumhq\selenium\selenium-chromium-driver\4.5.3\selenium-chromium-driver-4.5.3.jar;C:\Users\admin\.m2\repository\org\seleniumhq\selenium\selenium-json\4.5.3\selenium-json-4.5.3.jar;C:\Users\admin\.m2\repository\org\seleniumhq\selenium\selenium-devtools-v104\4.5.3\selenium-devtools-v104-4.5.3.jar;C:\Users\admin\.m2\repository\org\seleniumhq\selenium\selenium-devtools-v105\4.5.3\selenium-devtools-v105-4.5.3.jar;C:\Users\admin\.m2\repository\org\seleniumhq\selenium\selenium-devtools-v106\4.5.3\selenium-devtools-v106-4.5.3.jar;C:\Users\admin\.m2\repository\org\seleniumhq\selenium\selenium-devtools-v85\4.5.3\selenium-devtools-v85-4.5.3.jar;C:\Users\admin\.m2\repository\org\seleniumhq\selenium\selenium-edge-driver\4.5.3\selenium-edge-driver-4.5.3.jar;C:\Users\admin\.m2\repository\org\seleniumhq\selenium\selenium-firefox-driver\4.5.3\selenium-firefox-driver-4.5.3.jar;C:\Users\admin\.m2\repository\org\seleniumhq\selenium\selenium-ie-driver\4.5.3\selenium-ie-driver-4.5.3.jar;C:\Users\admin\.m2\repository\org\seleniumhq\selenium\selenium-remote-driver\4.5.3\selenium-remote-driver-4.5.3.jar;C:\Users\admin\.m2\repository\io\netty\netty-buffer\4.1.84.Final\netty-buffer-4.1.84.Final.jar;C:\Users\admin\.m2\repository\io\netty\netty-codec-http\4.1.84.Final\netty-codec-http-4.1.84.Final.jar;C:\Users\admin\.m2\repository\io\netty\netty-codec\4.1.84.Final\netty-codec-4.1.84.Final.jar;C:\Users\admin\.m2\repository\io\netty\netty-handler\4.1.84.Final\netty-handler-4.1.84.Final.jar;C:\Users\admin\.m2\repository\io\netty\netty-common\4.1.84.Final\netty-common-4.1.84.Final.jar;C:\Users\admin\.m2\repository\io\netty\netty-transport-classes-epoll\4.1.84.Final\netty-transport-classes-epoll-4.1.84.Final.jar;C:\Users\admin\.m2\repository\io\netty\netty-transport-classes-kqueue\4.1.84.Final\netty-transport-classes-kqueue-4.1.84.Final.jar;C:\Users\admin\.m2\repository\io\netty\netty-transport-native-epoll\4.1.84.Final\netty-transport-native-epoll-4.1.84.Final.jar;C:\Users\admin\.m2\repository\io\netty\netty-transport-native-kqueue\4.1.84.Final\netty-transport-native-kqueue-4.1.84.Final.jar;C:\Users\admin\.m2\repository\io\netty\netty-transport-native-unix-common\4.1.84.Final\netty-transport-native-unix-common-4.1.84.Final.jar;C:\Users\admin\.m2\repository\io\netty\netty-transport\4.1.84.Final\netty-transport-4.1.84.Final.jar;C:\Users\admin\.m2\repository\io\netty\netty-resolver\4.1.84.Final\netty-resolver-4.1.84.Final.jar;C:\Users\admin\.m2\repository\io\opentelemetry\opentelemetry-api\1.19.0\opentelemetry-api-1.19.0.jar;C:\Users\admin\.m2\repository\io\opentelemetry\opentelemetry-context\1.19.0\opentelemetry-context-1.19.0.jar;C:\Users\admin\.m2\repository\io\opentelemetry\opentelemetry-exporter-logging\1.19.0\opentelemetry-exporter-logging-1.19.0.jar;C:\Users\admin\.m2\repository\io\opentelemetry\opentelemetry-sdk-metrics\1.19.0\opentelemetry-sdk-metrics-1.19.0.jar;C:\Users\admin\.m2\repository\io\opentelemetry\opentelemetry-sdk-logs\1.19.0-alpha\opentelemetry-sdk-logs-1.19.0-alpha.jar;C:\Users\admin\.m2\repository\io\opentelemetry\opentelemetry-api-logs\1.19.0-alpha\opentelemetry-api-logs-1.19.0-alpha.jar;C:\Users\admin\.m2\repository\io\opentelemetry\opentelemetry-sdk-common\1.19.0\opentelemetry-sdk-common-1.19.0.jar;C:\Users\admin\.m2\repository\io\opentelemetry\opentelemetry-sdk-extension-autoconfigure-spi\1.19.0\opentelemetry-sdk-extension-autoconfigure-spi-1.19.0.jar;C:\Users\admin\.m2\repository\io\opentelemetry\opentelemetry-sdk-extension-autoconfigure\1.19.0-alpha\opentelemetry-sdk-extension-autoconfigure-1.19.0-alpha.jar;C:\Users\admin\.m2\repository\io\opentelemetry\opentelemetry-exporter-common\1.19.0\opentelemetry-exporter-common-1.19.0.jar;C:\Users\admin\.m2\repository\io\opentelemetry\opentelemetry-sdk-trace\1.19.0\opentelemetry-sdk-trace-1.19.0.jar;C:\Users\admin\.m2\repository\io\opentelemetry\opentelemetry-sdk\1.19.0\opentelemetry-sdk-1.19.0.jar;C:\Users\admin\.m2\repository\io\opentelemetry\opentelemetry-semconv\1.19.0-alpha\opentelemetry-semconv-1.19.0-alpha.jar;C:\Users\admin\.m2\repository\io\ous\jtoml\2.0.0\jtoml-2.0.0.jar;C:\Users\admin\.m2\repository\net\bytebuddy\byte-buddy\1.12.18\byte-buddy-1.12.18.jar;C:\Users\admin\.m2\repository\org\apache\commons\commons-exec\1.3\commons-exec-1.3.jar;C:\Users\admin\.m2\repository\org\asynchttpclient\async-http-client\2.12.3\async-http-client-2.12.3.jar;C:\Users\admin\.m2\repository\org\asynchttpclient\async-http-client-netty-utils\2.12.3\async-http-client-netty-utils-2.12.3.jar;C:\Users\admin\.m2\repository\io\netty\netty-codec-socks\4.1.60.Final\netty-codec-socks-4.1.60.Final.jar;C:\Users\admin\.m2\repository\io\netty\netty-handler-proxy\4.1.60.Final\netty-handler-proxy-4.1.60.Final.jar;C:\Users\admin\.m2\repository\io\netty\netty-transport-native-epoll\4.1.60.Final\netty-transport-native-epoll-4.1.60.Final-linux-x86_64.jar;C:\Users\admin\.m2\repository\io\netty\netty-transport-native-kqueue\4.1.60.Final\netty-transport-native-kqueue-4.1.60.Final-osx-x86_64.jar;C:\Users\admin\.m2\repository\org\reactivestreams\reactive-streams\1.0.3\reactive-streams-1.0.3.jar;C:\Users\admin\.m2\repository\com\typesafe\netty\netty-reactive-streams\2.0.4\netty-reactive-streams-2.0.4.jar;C:\Users\admin\.m2\repository\com\sun\activation\jakarta.activation\1.2.2\jakarta.activation-1.2.2.jar;C:\Users\admin\.m2\repository\org\seleniumhq\selenium\selenium-http\4.5.3\selenium-http-4.5.3.jar;C:\Users\admin\.m2\repository\dev\failsafe\failsafe\3.3.0\failsafe-3.3.0.jar;C:\Users\admin\.m2\repository\org\seleniumhq\selenium\selenium-safari-driver\4.5.3\selenium-safari-driver-4.5.3.jar;C:\Users\admin\.m2\repository\org\seleniumhq\selenium\selenium-support\4.5.3\selenium-support-4.5.3.jar;C:\Users\admin\.m2\repository\io\github\bonigarcia\webdrivermanager\5.3.0\webdrivermanager-5.3.0.jar;C:\Users\admin\.m2\repository\org\slf4j\slf4j-api\1.7.36\slf4j-api-1.7.36.jar;C:\Users\admin\.m2\repository\com\google\code\gson\gson\2.9.1\gson-2.9.1.jar;C:\Users\admin\.m2\repository\com\github\docker-java\docker-java\3.2.13\docker-java-3.2.13.jar;C:\Users\admin\.m2\repository\com\github\docker-java\docker-java-core\3.2.13\docker-java-core-3.2.13.jar;C:\Users\admin\.m2\repository\com\github\docker-java\docker-java-api\3.2.13\docker-java-api-3.2.13.jar;C:\Users\admin\.m2\repository\com\fasterxml\jackson\core\jackson-annotations\2.10.3\jackson-annotations-2.10.3.jar;C:\Users\admin\.m2\repository\com\fasterxml\jackson\core\jackson-databind\2.10.3\jackson-databind-2.10.3.jar;C:\Users\admin\.m2\repository\com\fasterxml\jackson\core\jackson-core\2.10.3\jackson-core-2.10.3.jar;C:\Users\admin\.m2\repository\org\bouncycastle\bcpkix-jdk15on\1.64\bcpkix-jdk15on-1.64.jar;C:\Users\admin\.m2\repository\org\bouncycastle\bcprov-jdk15on\1.64\bcprov-jdk15on-1.64.jar;C:\Users\admin\.m2\repository\org\slf4j\jcl-over-slf4j\1.7.30\jcl-over-slf4j-1.7.30.jar;C:\Users\admin\.m2\repository\com\github\docker-java\docker-java-transport-httpclient5\3.2.13\docker-java-transport-httpclient5-3.2.13.jar;C:\Users\admin\.m2\repository\com\github\docker-java\docker-java-transport\3.2.13\docker-java-transport-3.2.13.jar;C:\Users\admin\.m2\repository\net\java\dev\jna\jna\5.8.0\jna-5.8.0.jar;C:\Users\admin\.m2\repository\org\brotli\dec\0.1.2\dec-0.1.2.jar;C:\Users\admin\.m2\repository\org\apache\commons\commons-lang3\3.12.0\commons-lang3-3.12.0.jar;C:\Users\admin\.m2\repository\org\apache\httpcomponents\client5\httpclient5\5.1.3\httpclient5-5.1.3.jar;C:\Users\admin\.m2\repository\org\apache\httpcomponents\core5\httpcore5\5.1.3\httpcore5-5.1.3.jar;C:\Users\admin\.m2\repository\org\apache\httpcomponents\core5\httpcore5-h2\5.1.3\httpcore5-h2-5.1.3.jar;C:\Users\admin\.m2\repository\org\testng\testng\7.5\testng-7.5.jar;C:\Users\admin\.m2\repository\com\google\code\findbugs\jsr305\3.0.1\jsr305-3.0.1.jar;C:\Users\admin\.m2\repository\com\beust\jcommander\1.78\jcommander-1.78.jar;C:\Users\admin\.m2\repository\org\webjars\jquery\3.5.1\jquery-3.5.1.jar;C:\Users\admin\.m2\repository\org\apache\poi\poi\4.1.2\poi-4.1.2.jar;C:\Users\admin\.m2\repository\commons-codec\commons-codec\1.13\commons-codec-1.13.jar;C:\Users\admin\.m2\repository\org\apache\commons\commons-collections4\4.4\commons-collections4-4.4.jar;C:\Users\admin\.m2\repository\org\apache\commons\commons-math3\3.6.1\commons-math3-3.6.1.jar;C:\Users\admin\.m2\repository\com\zaxxer\SparseBitSet\1.2\SparseBitSet-1.2.jar;C:\Users\admin\.m2\repository\org\apache\poi\poi-ooxml\4.1.2\poi-ooxml-4.1.2.jar;C:\Users\admin\.m2\repository\org\apache\poi\poi-ooxml-schemas\4.1.2\poi-ooxml-schemas-4.1.2.jar;C:\Users\admin\.m2\repository\org\apache\xmlbeans\xmlbeans\3.1.0\xmlbeans-3.1.0.jar;C:\Users\admin\.m2\repository\org\apache\commons\commons-compress\1.19\commons-compress-1.19.jar;C:\Users\admin\.m2\repository\com\github\virtuald\curvesapi\1.06\curvesapi-1.06.jar;C:\Users\admin\.m2\repository\log4j\log4j\1.2.17\log4j-1.2.17.jar;C:\Users\admin\.m2\repository\com\aventstack\extentreports\4.0.9\extentreports-4.0.9.jar;C:\Users\admin\.m2\repository\org\freemarker\freemarker\2.3.23\freemarker-2.3.23.jar;C:\Users\admin\.m2\repository\org\mongodb\mongodb-driver\3.3.0\mongodb-driver-3.3.0.jar;C:\Users\admin\.m2\repository\org\mongodb\mongodb-driver-core\3.3.0\mongodb-driver-core-3.3.0.jar;C:\Users\admin\.m2\repository\org\mongodb\bson\3.3.0\bson-3.3.0.jar;C:\Users\admin\.m2\repository\org\apache\httpcomponents\httpclient\4.5.2\httpclient-4.5.2.jar;C:\Users\admin\.m2\repository\org\apache\httpcomponents\httpcore\4.4.4\httpcore-4.4.4.jar;C:\Users\admin\.m2\repository\commons-logging\commons-logging\1.2\commons-logging-1.2.jar;C:\Users\admin\.m2\repository\org\apache\httpcomponents\httpmime\4.5.2\httpmime-4.5.2.jar;C:\Users\admin\.m2\repository\commons-io\commons-io\2.6\commons-io-2.6.jar;"/>
    <property name="java.vm.vendor" value="Eclipse Adoptium"/>
    <property name="sun.arch.data.model" value="64"/>
    <property name="user.variant" value=""/>
    <property name="java.vendor.url" value="https://adoptium.net/"/>
    <property name="user.timezone" value="Asia/Calcutta"/>
    <property name="os.name" value="Windows 10"/>
    <property name="java.vm.specification.version" value="17"/>
    <property name="sun.java.launcher" value="SUN_STANDARD"/>
    <property name="user.country" value="IN"/>
    <property name="sun.boot.library.path" value="C:\Users\admin\Downloads\eclipse-java-2022-09-R-win32-x86_64\eclipse\plugins\org.eclipse.justj.openjdk.hotspot.jre.full.win32.x86_64_17.0.4.v20220903-1038\jre\bin"/>
    <property name="sun.java.command" value="C:\Users\admin\AppData\Local\Temp\surefire8729337592050611884\surefirebooter-20221214084249557_3.jar C:\Users\admin\AppData\Local\Temp\surefire8729337592050611884 2022-12-14T08-42-46_447-jvmRun1 surefire-20221214084249557_1tmp surefire_0-20221214084249557_2tmp"/>
    <property name="jdk.debug" value="release"/>
    <property name="surefire.test.class.path" value="C:\Users\admin\eclipse-workspace\RestuarantAutomation\target\test-classes;C:\Users\admin\eclipse-workspace\RestuarantAutomation\target\classes;C:\Users\admin\.m2\repository\org\seleniumhq\selenium\selenium-java\4.5.3\selenium-java-4.5.3.jar;C:\Users\admin\.m2\repository\org\seleniumhq\selenium\selenium-api\4.5.3\selenium-api-4.5.3.jar;C:\Users\admin\.m2\repository\org\seleniumhq\selenium\selenium-chrome-driver\4.5.3\selenium-chrome-driver-4.5.3.jar;C:\Users\admin\.m2\repository\com\google\auto\service\auto-service-annotations\1.0.1\auto-service-annotations-1.0.1.jar;C:\Users\admin\.m2\repository\com\google\auto\service\auto-service\1.0.1\auto-service-1.0.1.jar;C:\Users\admin\.m2\repository\com\google\auto\auto-common\1.2\auto-common-1.2.jar;C:\Users\admin\.m2\repository\com\google\guava\guava\31.1-jre\guava-31.1-jre.jar;C:\Users\admin\.m2\repository\com\google\guava\failureaccess\1.0.1\failureaccess-1.0.1.jar;C:\Users\admin\.m2\repository\com\google\guava\listenablefuture\9999.0-empty-to-avoid-conflict-with-guava\listenablefuture-9999.0-empty-to-avoid-conflict-with-guava.jar;C:\Users\admin\.m2\repository\org\checkerframework\checker-qual\3.12.0\checker-qual-3.12.0.jar;C:\Users\admin\.m2\repository\com\google\errorprone\error_prone_annotations\2.11.0\error_prone_annotations-2.11.0.jar;C:\Users\admin\.m2\repository\com\google\j2objc\j2objc-annotations\1.3\j2objc-annotations-1.3.jar;C:\Users\admin\.m2\repository\org\seleniumhq\selenium\selenium-chromium-driver\4.5.3\selenium-chromium-driver-4.5.3.jar;C:\Users\admin\.m2\repository\org\seleniumhq\selenium\selenium-json\4.5.3\selenium-json-4.5.3.jar;C:\Users\admin\.m2\repository\org\seleniumhq\selenium\selenium-devtools-v104\4.5.3\selenium-devtools-v104-4.5.3.jar;C:\Users\admin\.m2\repository\org\seleniumhq\selenium\selenium-devtools-v105\4.5.3\selenium-devtools-v105-4.5.3.jar;C:\Users\admin\.m2\repository\org\seleniumhq\selenium\selenium-devtools-v106\4.5.3\selenium-devtools-v106-4.5.3.jar;C:\Users\admin\.m2\repository\org\seleniumhq\selenium\selenium-devtools-v85\4.5.3\selenium-devtools-v85-4.5.3.jar;C:\Users\admin\.m2\repository\org\seleniumhq\selenium\selenium-edge-driver\4.5.3\selenium-edge-driver-4.5.3.jar;C:\Users\admin\.m2\repository\org\seleniumhq\selenium\selenium-firefox-driver\4.5.3\selenium-firefox-driver-4.5.3.jar;C:\Users\admin\.m2\repository\org\seleniumhq\selenium\selenium-ie-driver\4.5.3\selenium-ie-driver-4.5.3.jar;C:\Users\admin\.m2\repository\org\seleniumhq\selenium\selenium-remote-driver\4.5.3\selenium-remote-driver-4.5.3.jar;C:\Users\admin\.m2\repository\io\netty\netty-buffer\4.1.84.Final\netty-buffer-4.1.84.Final.jar;C:\Users\admin\.m2\repository\io\netty\netty-codec-http\4.1.84.Final\netty-codec-http-4.1.84.Final.jar;C:\Users\admin\.m2\repository\io\netty\netty-codec\4.1.84.Final\netty-codec-4.1.84.Final.jar;C:\Users\admin\.m2\repository\io\netty\netty-handler\4.1.84.Final\netty-handler-4.1.84.Final.jar;C:\Users\admin\.m2\repository\io\netty\netty-common\4.1.84.Final\netty-common-4.1.84.Final.jar;C:\Users\admin\.m2\repository\io\netty\netty-transport-classes-epoll\4.1.84.Final\netty-transport-classes-epoll-4.1.84.Final.jar;C:\Users\admin\.m2\repository\io\netty\netty-transport-classes-kqueue\4.1.84.Final\netty-transport-classes-kqueue-4.1.84.Final.jar;C:\Users\admin\.m2\repository\io\netty\netty-transport-native-epoll\4.1.84.Final\netty-transport-native-epoll-4.1.84.Final.jar;C:\Users\admin\.m2\repository\io\netty\netty-transport-native-kqueue\4.1.84.Final\netty-transport-native-kqueue-4.1.84.Final.jar;C:\Users\admin\.m2\repository\io\netty\netty-transport-native-unix-common\4.1.84.Final\netty-transport-native-unix-common-4.1.84.Final.jar;C:\Users\admin\.m2\repository\io\netty\netty-transport\4.1.84.Final\netty-transport-4.1.84.Final.jar;C:\Users\admin\.m2\repository\io\netty\netty-resolver\4.1.84.Final\netty-resolver-4.1.84.Final.jar;C:\Users\admin\.m2\repository\io\opentelemetry\opentelemetry-api\1.19.0\opentelemetry-api-1.19.0.jar;C:\Users\admin\.m2\repository\io\opentelemetry\opentelemetry-context\1.19.0\opentelemetry-context-1.19.0.jar;C:\Users\admin\.m2\repository\io\opentelemetry\opentelemetry-exporter-logging\1.19.0\opentelemetry-exporter-logging-1.19.0.jar;C:\Users\admin\.m2\repository\io\opentelemetry\opentelemetry-sdk-metrics\1.19.0\opentelemetry-sdk-metrics-1.19.0.jar;C:\Users\admin\.m2\repository\io\opentelemetry\opentelemetry-sdk-logs\1.19.0-alpha\opentelemetry-sdk-logs-1.19.0-alpha.jar;C:\Users\admin\.m2\repository\io\opentelemetry\opentelemetry-api-logs\1.19.0-alpha\opentelemetry-api-logs-1.19.0-alpha.jar;C:\Users\admin\.m2\repository\io\opentelemetry\opentelemetry-sdk-common\1.19.0\opentelemetry-sdk-common-1.19.0.jar;C:\Users\admin\.m2\repository\io\opentelemetry\opentelemetry-sdk-extension-autoconfigure-spi\1.19.0\opentelemetry-sdk-extension-autoconfigure-spi-1.19.0.jar;C:\Users\admin\.m2\repository\io\opentelemetry\opentelemetry-sdk-extension-autoconfigure\1.19.0-alpha\opentelemetry-sdk-extension-autoconfigure-1.19.0-alpha.jar;C:\Users\admin\.m2\repository\io\opentelemetry\opentelemetry-exporter-common\1.19.0\opentelemetry-exporter-common-1.19.0.jar;C:\Users\admin\.m2\repository\io\opentelemetry\opentelemetry-sdk-trace\1.19.0\opentelemetry-sdk-trace-1.19.0.jar;C:\Users\admin\.m2\repository\io\opentelemetry\opentelemetry-sdk\1.19.0\opentelemetry-sdk-1.19.0.jar;C:\Users\admin\.m2\repository\io\opentelemetry\opentelemetry-semconv\1.19.0-alpha\opentelemetry-semconv-1.19.0-alpha.jar;C:\Users\admin\.m2\repository\io\ous\jtoml\2.0.0\jtoml-2.0.0.jar;C:\Users\admin\.m2\repository\net\bytebuddy\byte-buddy\1.12.18\byte-buddy-1.12.18.jar;C:\Users\admin\.m2\repository\org\apache\commons\commons-exec\1.3\commons-exec-1.3.jar;C:\Users\admin\.m2\repository\org\asynchttpclient\async-http-client\2.12.3\async-http-client-2.12.3.jar;C:\Users\admin\.m2\repository\org\asynchttpclient\async-http-client-netty-utils\2.12.3\async-http-client-netty-utils-2.12.3.jar;C:\Users\admin\.m2\repository\io\netty\netty-codec-socks\4.1.60.Final\netty-codec-socks-4.1.60.Final.jar;C:\Users\admin\.m2\repository\io\netty\netty-handler-proxy\4.1.60.Final\netty-handler-proxy-4.1.60.Final.jar;C:\Users\admin\.m2\repository\io\netty\netty-transport-native-epoll\4.1.60.Final\netty-transport-native-epoll-4.1.60.Final-linux-x86_64.jar;C:\Users\admin\.m2\repository\io\netty\netty-transport-native-kqueue\4.1.60.Final\netty-transport-native-kqueue-4.1.60.Final-osx-x86_64.jar;C:\Users\admin\.m2\repository\org\reactivestreams\reactive-streams\1.0.3\reactive-streams-1.0.3.jar;C:\Users\admin\.m2\repository\com\typesafe\netty\netty-reactive-streams\2.0.4\netty-reactive-streams-2.0.4.jar;C:\Users\admin\.m2\repository\com\sun\activation\jakarta.activation\1.2.2\jakarta.activation-1.2.2.jar;C:\Users\admin\.m2\repository\org\seleniumhq\selenium\selenium-http\4.5.3\selenium-http-4.5.3.jar;C:\Users\admin\.m2\repository\dev\failsafe\failsafe\3.3.0\failsafe-3.3.0.jar;C:\Users\admin\.m2\repository\org\seleniumhq\selenium\selenium-safari-driver\4.5.3\selenium-safari-driver-4.5.3.jar;C:\Users\admin\.m2\repository\org\seleniumhq\selenium\selenium-support\4.5.3\selenium-support-4.5.3.jar;C:\Users\admin\.m2\repository\io\github\bonigarcia\webdrivermanager\5.3.0\webdrivermanager-5.3.0.jar;C:\Users\admin\.m2\repository\org\slf4j\slf4j-api\1.7.36\slf4j-api-1.7.36.jar;C:\Users\admin\.m2\repository\com\google\code\gson\gson\2.9.1\gson-2.9.1.jar;C:\Users\admin\.m2\repository\com\github\docker-java\docker-java\3.2.13\docker-java-3.2.13.jar;C:\Users\admin\.m2\repository\com\github\docker-java\docker-java-core\3.2.13\docker-java-core-3.2.13.jar;C:\Users\admin\.m2\repository\com\github\docker-java\docker-java-api\3.2.13\docker-java-api-3.2.13.jar;C:\Users\admin\.m2\repository\com\fasterxml\jackson\core\jackson-annotations\2.10.3\jackson-annotations-2.10.3.jar;C:\Users\admin\.m2\repository\com\fasterxml\jackson\core\jackson-databind\2.10.3\jackson-databind-2.10.3.jar;C:\Users\admin\.m2\repository\com\fasterxml\jackson\core\jackson-core\2.10.3\jackson-core-2.10.3.jar;C:\Users\admin\.m2\repository\org\bouncycastle\bcpkix-jdk15on\1.64\bcpkix-jdk15on-1.64.jar;C:\Users\admin\.m2\repository\org\bouncycastle\bcprov-jdk15on\1.64\bcprov-jdk15on-1.64.jar;C:\Users\admin\.m2\repository\org\slf4j\jcl-over-slf4j\1.7.30\jcl-over-slf4j-1.7.30.jar;C:\Users\admin\.m2\repository\com\github\docker-java\docker-java-transport-httpclient5\3.2.13\docker-java-transport-httpclient5-3.2.13.jar;C:\Users\admin\.m2\repository\com\github\docker-java\docker-java-transport\3.2.13\docker-java-transport-3.2.13.jar;C:\Users\admin\.m2\repository\net\java\dev\jna\jna\5.8.0\jna-5.8.0.jar;C:\Users\admin\.m2\repository\org\brotli\dec\0.1.2\dec-0.1.2.jar;C:\Users\admin\.m2\repository\org\apache\commons\commons-lang3\3.12.0\commons-lang3-3.12.0.jar;C:\Users\admin\.m2\repository\org\apache\httpcomponents\client5\httpclient5\5.1.3\httpclient5-5.1.3.jar;C:\Users\admin\.m2\repository\org\apache\httpcomponents\core5\httpcore5\5.1.3\httpcore5-5.1.3.jar;C:\Users\admin\.m2\repository\org\apache\httpcomponents\core5\httpcore5-h2\5.1.3\httpcore5-h2-5.1.3.jar;C:\Users\admin\.m2\repository\org\testng\testng\7.5\testng-7.5.jar;C:\Users\admin\.m2\repository\com\google\code\findbugs\jsr305\3.0.1\jsr305-3.0.1.jar;C:\Users\admin\.m2\repository\com\beust\jcommander\1.78\jcommander-1.78.jar;C:\Users\admin\.m2\repository\org\webjars\jquery\3.5.1\jquery-3.5.1.jar;C:\Users\admin\.m2\repository\org\apache\poi\poi\4.1.2\poi-4.1.2.jar;C:\Users\admin\.m2\repository\commons-codec\commons-codec\1.13\commons-codec-1.13.jar;C:\Users\admin\.m2\repository\org\apache\commons\commons-collections4\4.4\commons-collections4-4.4.jar;C:\Users\admin\.m2\repository\org\apache\commons\commons-math3\3.6.1\commons-math3-3.6.1.jar;C:\Users\admin\.m2\repository\com\zaxxer\SparseBitSet\1.2\SparseBitSet-1.2.jar;C:\Users\admin\.m2\repository\org\apache\poi\poi-ooxml\4.1.2\poi-ooxml-4.1.2.jar;C:\Users\admin\.m2\repository\org\apache\poi\poi-ooxml-schemas\4.1.2\poi-ooxml-schemas-4.1.2.jar;C:\Users\admin\.m2\repository\org\apache\xmlbeans\xmlbeans\3.1.0\xmlbeans-3.1.0.jar;C:\Users\admin\.m2\repository\org\apache\commons\commons-compress\1.19\commons-compress-1.19.jar;C:\Users\admin\.m2\repository\com\github\virtuald\curvesapi\1.06\curvesapi-1.06.jar;C:\Users\admin\.m2\repository\log4j\log4j\1.2.17\log4j-1.2.17.jar;C:\Users\admin\.m2\repository\com\aventstack\extentreports\4.0.9\extentreports-4.0.9.jar;C:\Users\admin\.m2\repository\org\freemarker\freemarker\2.3.23\freemarker-2.3.23.jar;C:\Users\admin\.m2\repository\org\mongodb\mongodb-driver\3.3.0\mongodb-driver-3.3.0.jar;C:\Users\admin\.m2\repository\org\mongodb\mongodb-driver-core\3.3.0\mongodb-driver-core-3.3.0.jar;C:\Users\admin\.m2\repository\org\mongodb\bson\3.3.0\bson-3.3.0.jar;C:\Users\admin\.m2\repository\org\apache\httpcomponents\httpclient\4.5.2\httpclient-4.5.2.jar;C:\Users\admin\.m2\repository\org\apache\httpcomponents\httpcore\4.4.4\httpcore-4.4.4.jar;C:\Users\admin\.m2\repository\commons-logging\commons-logging\1.2\commons-logging-1.2.jar;C:\Users\admin\.m2\repository\org\apache\httpcomponents\httpmime\4.5.2\httpmime-4.5.2.jar;C:\Users\admin\.m2\repository\commons-io\commons-io\2.6\commons-io-2.6.jar;"/>
    <property name="sun.cpu.endian" value="little"/>
    <property name="user.home" value="C:\Users\admin"/>
    <property name="user.language" value="en"/>
    <property name="java.specification.vendor" value="Oracle Corporation"/>
    <property name="java.version.date" value="2022-08-12"/>
    <property name="java.home" value="C:\Users\admin\Downloads\eclipse-java-2022-09-R-win32-x86_64\eclipse\plugins\org.eclipse.justj.openjdk.hotspot.jre.full.win32.x86_64_17.0.4.v20220903-1038\jre"/>
    <property name="file.separator" value="\"/>
    <property name="style.color" value="always"/>
    <property name="basedir" value="C:\Users\admin\eclipse-workspace\RestuarantAutomation"/>
    <property name="java.vm.compressedOopsMode" value="32-bit"/>
    <property name="line.separator" value="&#10;"/>
    <property name="java.vm.specification.vendor" value="Oracle Corporation"/>
    <property name="java.specification.name" value="Java Platform API Specification"/>
    <property name="surefire.real.class.path" value="C:\Users\admin\AppData\Local\Temp\surefire8729337592050611884\surefirebooter-20221214084249557_3.jar"/>
    <property name="user.script" value=""/>
    <property name="sun.management.compiler" value="HotSpot 64-Bit Tiered Compilers"/>
    <property name="java.runtime.version" value="17.0.4.1+1"/>
    <property name="user.name" value="admin"/>
    <property name="path.separator" value=";"/>
    <property name="os.version" value="10.0"/>
    <property name="java.runtime.name" value="OpenJDK Runtime Environment"/>
    <property name="file.encoding" value="Cp1252"/>
    <property name="java.vm.name" value="OpenJDK 64-Bit Server VM"/>
    <property name="java.vendor.version" value="Temurin-17.0.4.1+1"/>
    <property name="localRepository" value="C:\Users\admin\.m2\repository"/>
    <property name="java.vendor.url.bug" value="https://github.com/adoptium/adoptium-support/issues"/>
    <property name="java.io.tmpdir" value="C:\Users\admin\AppData\Local\Temp\"/>
    <property name="java.version" value="17.0.4.1"/>
    <property name="user.dir" value="C:\Users\admin\eclipse-workspace\RestuarantAutomation"/>
    <property name="os.arch" value="amd64"/>
    <property name="java.vm.specification.name" value="Java Virtual Machine Specification"/>
    <property name="sun.os.patch.level" value=""/>
    <property name="native.encoding" value="Cp1252"/>
    <property name="java.library.path" value="C:\Users\admin\Downloads\eclipse-java-2022-09-R-win32-x86_64\eclipse\plugins\org.eclipse.justj.openjdk.hotspot.jre.full.win32.x86_64_17.0.4.v20220903-1038\jre\bin;C:\WINDOWS\Sun\Java\bin;C:\WINDOWS\system32;C:\WINDOWS;C:/Users/admin/Downloads/eclipse-java-2022-09-R-win32-x86_64/eclipse//plugins/org.eclipse.justj.openjdk.hotspot.jre.full.win32.x86_64_17.0.4.v20220903-1038/jre/bin/server;C:/Users/admin/Downloads/eclipse-java-2022-09-R-win32-x86_64/eclipse//plugins/org.eclipse.justj.openjdk.hotspot.jre.full.win32.x86_64_17.0.4.v20220903-1038/jre/bin;C:\Program Files (x86)\Common Files\Oracle\Java\javapath;C:\WINDOWS\system32;C:\WINDOWS;C:\WINDOWS\System32\Wbem;C:\WINDOWS\System32\WindowsPowerShell\v1.0\;C:\WINDOWS\System32\OpenSSH\;C:\Users\admin\Downloads\apache-maven-3.8.6-bin\apache-maven-3.8.6\bin;C:\Program Files\Java\jdk1.8.0_341\bin;C:\Users\admin\Downloads\apache-maven-3.8.6-bin\apache-maven-3.8.6\bin;C:\Program Files\Git\cmd;C:\Users\admin\AppData\Local\Microsoft\WindowsApps;C:\Users\admin\AppData\Local\Programs\Microsoft VS Code\bin;;C:\Users\admin\Downloads\eclipse-java-2022-09-R-win32-x86_64\eclipse;;."/>
    <property name="java.vm.info" value="mixed mode"/>
    <property name="java.vendor" value="Eclipse Adoptium"/>
    <property name="java.vm.version" value="17.0.4.1+1"/>
    <property name="sun.io.unicode.encoding" value="UnicodeLittle"/>
    <property name="java.class.version" value="61.0"/>
  </properties>
  <testcase name="VerifyInvalidUserLogin[adm, password](1)" classname="com.Restaurant.Testcases.VerifyUserLoginTest" time="2.795">
    <system-out><![CDATA[log4j: reset attribute= "false".
log4j: Threshold ="null".
log4j: Level value for root is  [debug].
log4j: root level set to DEBUG
log4j: Class name: [org.apache.log4j.ConsoleAppender]
log4j: Setting property [target] to [System.out].
log4j: Parsing layout of class: "org.apache.log4j.PatternLayout"
log4j: Setting property [conversionPattern] to [%d{yyyy-MM-dd HH:mm:ss} %-5p %c{1}:%L - %m%n].
log4j: Adding appender named [console] to category [root].
log4j: Class name: [org.apache.log4j.RollingFileAppender]
log4j: Setting property [file] to [Logs/log4j.log].
log4j: Parsing layout of class: "org.apache.log4j.PatternLayout"
log4j: Setting property [conversionPattern] to [%d{yyyy-MM-dd HH:mm:ss} %-5p %c{1}:%L - %m%n].
log4j: setFile called: Logs/log4j.log, true
log4j: setFile ended
log4j: Adding appender named [fileAppender] to category [root].
2022-12-14 08:42:59 DEBUG InternalLoggerFactory:89 - Using Log4J as the default logging framework
2022-12-14 08:42:59 DEBUG ResourceLeakDetector:129 - -Dio.netty.leakDetection.level: simple
2022-12-14 08:42:59 DEBUG ResourceLeakDetector:130 - -Dio.netty.leakDetection.targetRecords: 4
2022-12-14 08:42:59 DEBUG ResourceLeakDetectorFactory:196 - Loaded default ResourceLeakDetector: io.netty.util.ResourceLeakDetector@3be4fcc0
2022-12-14 08:42:59 DEBUG PlatformDependent0:496 - -Dio.netty.noUnsafe: false
2022-12-14 08:42:59 DEBUG PlatformDependent0:1000 - Java version: 17
2022-12-14 08:42:59 DEBUG PlatformDependent0:137 - sun.misc.Unsafe.theUnsafe: available
2022-12-14 08:42:59 DEBUG PlatformDependent0:161 - sun.misc.Unsafe.copyMemory: available
2022-12-14 08:42:59 DEBUG PlatformDependent0:193 - sun.misc.Unsafe.storeFence: available
2022-12-14 08:42:59 DEBUG PlatformDependent0:236 - java.nio.Buffer.address: available
2022-12-14 08:42:59 DEBUG PlatformDependent0:320 - direct buffer constructor: unavailable: Reflective setAccessible(true) disabled
2022-12-14 08:42:59 DEBUG PlatformDependent0:385 - java.nio.Bits.unaligned: available, true
2022-12-14 08:42:59 DEBUG PlatformDependent0:452 - jdk.internal.misc.Unsafe.allocateUninitializedArray(int): unavailable: class io.netty.util.internal.PlatformDependent0$7 cannot access class jdk.internal.misc.Unsafe (in module java.base) because module java.base does not export jdk.internal.misc to unnamed module @550ee7e5
2022-12-14 08:42:59 DEBUG PlatformDependent0:482 - java.nio.DirectByteBuffer.<init>(long, int): unavailable
2022-12-14 08:42:59 DEBUG PlatformDependent:1159 - sun.misc.Unsafe: available
2022-12-14 08:42:59 DEBUG PlatformDependent:1270 - maxDirectMemory: 1040187392 bytes (maybe)
2022-12-14 08:42:59 DEBUG PlatformDependent:1289 - -Dio.netty.tmpdir: C:\Users\admin\AppData\Local\Temp (java.io.tmpdir)
2022-12-14 08:42:59 DEBUG PlatformDependent:1368 - -Dio.netty.bitMode: 64 (sun.arch.data.model)
2022-12-14 08:42:59 DEBUG PlatformDependent:1119 - Platform: Windows
2022-12-14 08:42:59 DEBUG PlatformDependent:178 - -Dio.netty.maxDirectMemory: -1 bytes
2022-12-14 08:42:59 DEBUG PlatformDependent:185 - -Dio.netty.uninitializedArrayAllocationThreshold: -1
2022-12-14 08:42:59 DEBUG CleanerJava9:71 - java.nio.ByteBuffer.cleaner(): available
2022-12-14 08:42:59 DEBUG PlatformDependent:205 - -Dio.netty.noPreferDirect: false
2022-12-14 08:42:59 DEBUG PlatformDependent:1010 - org.jctools-core.MpscChunkedArrayQueue: available
2022-12-14 08:42:59 DEBUG InternalThreadLocalMap:86 - -Dio.netty.threadLocalMap.stringBuilder.initialSize: 1024
2022-12-14 08:42:59 DEBUG InternalThreadLocalMap:89 - -Dio.netty.threadLocalMap.stringBuilder.maxSize: 4096
2022-12-14 08:42:59 DEBUG JdkSslContext:83 - Default protocols (JDK): [TLSv1.3, TLSv1.2] 
2022-12-14 08:42:59 DEBUG JdkSslContext:84 - Default cipher suites (JDK): [TLS_ECDHE_ECDSA_WITH_AES_256_GCM_SHA384, TLS_ECDHE_ECDSA_WITH_AES_128_GCM_SHA256, TLS_ECDHE_RSA_WITH_AES_128_GCM_SHA256, TLS_ECDHE_RSA_WITH_AES_256_GCM_SHA384, TLS_ECDHE_RSA_WITH_AES_128_CBC_SHA, TLS_ECDHE_RSA_WITH_AES_256_CBC_SHA, TLS_RSA_WITH_AES_128_GCM_SHA256, TLS_RSA_WITH_AES_128_CBC_SHA, TLS_RSA_WITH_AES_256_CBC_SHA, TLS_AES_128_GCM_SHA256, TLS_AES_256_GCM_SHA384]
2022-12-14 08:42:59 DEBUG MultithreadEventLoopGroup:44 - -Dio.netty.eventLoopThreads: 8
2022-12-14 08:42:59 DEBUG NioEventLoop:110 - -Dio.netty.noKeySetOptimization: false
2022-12-14 08:42:59 DEBUG NioEventLoop:111 - -Dio.netty.selectorAutoRebuildThreshold: 512
2022-12-14 08:43:00 DEBUG PooledByteBufAllocator:157 - -Dio.netty.allocator.numHeapArenas: 8
2022-12-14 08:43:00 DEBUG PooledByteBufAllocator:158 - -Dio.netty.allocator.numDirectArenas: 8
2022-12-14 08:43:00 DEBUG PooledByteBufAllocator:160 - -Dio.netty.allocator.pageSize: 8192
2022-12-14 08:43:00 DEBUG PooledByteBufAllocator:165 - -Dio.netty.allocator.maxOrder: 9
2022-12-14 08:43:00 DEBUG PooledByteBufAllocator:169 - -Dio.netty.allocator.chunkSize: 4194304
2022-12-14 08:43:00 DEBUG PooledByteBufAllocator:170 - -Dio.netty.allocator.smallCacheSize: 256
2022-12-14 08:43:00 DEBUG PooledByteBufAllocator:171 - -Dio.netty.allocator.normalCacheSize: 64
2022-12-14 08:43:00 DEBUG PooledByteBufAllocator:172 - -Dio.netty.allocator.maxCachedBufferCapacity: 32768
2022-12-14 08:43:00 DEBUG PooledByteBufAllocator:173 - -Dio.netty.allocator.cacheTrimInterval: 8192
2022-12-14 08:43:00 DEBUG PooledByteBufAllocator:174 - -Dio.netty.allocator.cacheTrimIntervalMillis: 0
2022-12-14 08:43:00 DEBUG PooledByteBufAllocator:175 - -Dio.netty.allocator.useCacheForAllThreads: false
2022-12-14 08:43:00 DEBUG PooledByteBufAllocator:176 - -Dio.netty.allocator.maxCachedByteBuffersPerChunk: 1023
2022-12-14 08:43:00 DEBUG ByteBufUtil:87 - -Dio.netty.allocator.type: pooled
2022-12-14 08:43:00 DEBUG ByteBufUtil:96 - -Dio.netty.threadLocalDirectBufferSize: 0
2022-12-14 08:43:00 DEBUG ByteBufUtil:99 - -Dio.netty.maxThreadLocalCharBufferSize: 16384
2022-12-14 08:43:01 DEBUG DefaultChannelId:79 - -Dio.netty.processId: 1944 (auto-detected)
2022-12-14 08:43:01 DEBUG NetUtil:136 - -Djava.net.preferIPv4Stack: false
2022-12-14 08:43:01 DEBUG NetUtil:137 - -Djava.net.preferIPv6Addresses: false
2022-12-14 08:43:01 DEBUG NetUtilInitializations:129 - Loopback interface: lo (Software Loopback Interface 1, 127.0.0.1)
2022-12-14 08:43:01 DEBUG NetUtil:191 - Failed to get SOMAXCONN from sysctl and file \proc\sys\net\core\somaxconn. Default: 200
2022-12-14 08:43:01 DEBUG DefaultChannelId:101 - -Dio.netty.machineId: b0:52:16:ff:fe:86:67:75 (auto-detected)
2022-12-14 08:43:01 DEBUG AbstractByteBuf:63 - -Dio.netty.buffer.checkAccessible: true
2022-12-14 08:43:01 DEBUG AbstractByteBuf:64 - -Dio.netty.buffer.checkBounds: true
2022-12-14 08:43:01 DEBUG ResourceLeakDetectorFactory:196 - Loaded default ResourceLeakDetector: io.netty.util.ResourceLeakDetector@25d95b30
2022-12-14 08:43:01 DEBUG Recycler:85 - -Dio.netty.recycler.maxCapacityPerThread: 4096
2022-12-14 08:43:01 DEBUG Recycler:86 - -Dio.netty.recycler.ratio: 8
2022-12-14 08:43:01 DEBUG Recycler:87 - -Dio.netty.recycler.chunkSize: 32
2022-12-14 08:43:01 DEBUG Recycler:88 - -Dio.netty.recycler.blocking: false
2022-12-14 08:43:04 DEBUG Brotli:38 - brotli4j not in the classpath; Brotli support will be unavailable.
2022-12-14 08:43:05 DEBUG ThreadLocalRandom:214 - -Dio.netty.initialSeedUniquifier: 0x04198459e317ae91
2022-12-14 08:43:10 INFO  Log:13 - =====================================VerifyInvalidUserLogin TEST START=========================================
Successfully entered value
Successfully entered value
Able to click on "Login button"
2022-12-14 08:43:13 INFO  Log:13 - =====================================VerifyInvalidUserLogin TEST START=========================================
]]></system-out>
    <system-err><![CDATA[SLF4J: Failed to load class "org.slf4j.impl.StaticLoggerBinder".
SLF4J: Defaulting to no-operation (NOP) logger implementation
SLF4J: See http://www.slf4j.org/codes.html#StaticLoggerBinder for further details.
Starting ChromeDriver 108.0.5359.71 (1e0e3868ee06e91ad636a874420e3ca3ae3756ac-refs/branch-heads/5359@{#1016}) on port 43308
Only local connections are allowed.
Please see https://chromedriver.chromium.org/security-considerations for suggestions on keeping ChromeDriver safe.
ChromeDriver was started successfully.
Dec 14, 2022 8:43:05 AM org.openqa.selenium.devtools.CdpVersionFinder findNearestMatch
WARNING: Unable to find an exact match for CDP version 108, so returning the closest version found: 106
]]></system-err>
  </testcase>
  <testcase name="VerifyInvalidUserLogin[admin, pass](2)" classname="com.Restaurant.Testcases.VerifyUserLoginTest" time="3.685">
    <system-out><![CDATA[2022-12-14 08:43:28 INFO  Log:13 - =====================================VerifyInvalidUserLogin TEST START=========================================
Successfully entered value
Successfully entered value
Able to click on "Login button"
2022-12-14 08:43:32 INFO  Log:13 - =====================================VerifyInvalidUserLogin TEST START=========================================
]]></system-out>
    <system-err><![CDATA[Dec 14, 2022 8:43:17 AM org.openqa.selenium.remote.http.WebSocket$Listener onError
WARNING: Connection reset
java.net.SocketException: Connection reset
	at java.base/sun.nio.ch.SocketChannelImpl.throwConnectionReset(SocketChannelImpl.java:394)
	at java.base/sun.nio.ch.SocketChannelImpl.read(SocketChannelImpl.java:426)
	at io.netty.buffer.PooledByteBuf.setBytes(PooledByteBuf.java:259)
	at io.netty.buffer.AbstractByteBuf.writeBytes(AbstractByteBuf.java:1132)
	at io.netty.channel.socket.nio.NioSocketChannel.doReadBytes(NioSocketChannel.java:357)
	at io.netty.channel.nio.AbstractNioByteChannel$NioByteUnsafe.read(AbstractNioByteChannel.java:151)
	at io.netty.channel.nio.NioEventLoop.processSelectedKey(NioEventLoop.java:788)
	at io.netty.channel.nio.NioEventLoop.processSelectedKeysOptimized(NioEventLoop.java:724)
	at io.netty.channel.nio.NioEventLoop.processSelectedKeys(NioEventLoop.java:650)
	at io.netty.channel.nio.NioEventLoop.run(NioEventLoop.java:562)
	at io.netty.util.concurrent.SingleThreadEventExecutor$4.run(SingleThreadEventExecutor.java:997)
	at io.netty.util.internal.ThreadExecutorMap$2.run(ThreadExecutorMap.java:74)
	at io.netty.util.concurrent.FastThreadLocalRunnable.run(FastThreadLocalRunnable.java:30)
	at java.base/java.lang.Thread.run(Thread.java:833)

Starting ChromeDriver 108.0.5359.71 (1e0e3868ee06e91ad636a874420e3ca3ae3756ac-refs/branch-heads/5359@{#1016}) on port 46791
Only local connections are allowed.
Please see https://chromedriver.chromium.org/security-considerations for suggestions on keeping ChromeDriver safe.
ChromeDriver was started successfully.
Dec 14, 2022 8:43:22 AM org.openqa.selenium.devtools.CdpVersionFinder findNearestMatch
WARNING: Unable to find an exact match for CDP version 108, so returning the closest version found: 106
]]></system-err>
  </testcase>
  <testcase name="VerifyInvalidUserLogin[adm, pass](3)" classname="com.Restaurant.Testcases.VerifyUserLoginTest" time="1.708">
    <system-out><![CDATA[2022-12-14 08:43:51 INFO  Log:13 - =====================================VerifyInvalidUserLogin TEST START=========================================
Successfully entered value
Successfully entered value
Able to click on "Login button"
2022-12-14 08:43:52 INFO  Log:13 - =====================================VerifyInvalidUserLogin TEST START=========================================
]]></system-out>
    <system-err><![CDATA[Dec 14, 2022 8:43:33 AM org.openqa.selenium.remote.http.WebSocket$Listener onError
WARNING: Connection reset
java.net.SocketException: Connection reset
	at java.base/sun.nio.ch.SocketChannelImpl.throwConnectionReset(SocketChannelImpl.java:394)
	at java.base/sun.nio.ch.SocketChannelImpl.read(SocketChannelImpl.java:426)
	at io.netty.buffer.PooledByteBuf.setBytes(PooledByteBuf.java:259)
	at io.netty.buffer.AbstractByteBuf.writeBytes(AbstractByteBuf.java:1132)
	at io.netty.channel.socket.nio.NioSocketChannel.doReadBytes(NioSocketChannel.java:357)
	at io.netty.channel.nio.AbstractNioByteChannel$NioByteUnsafe.read(AbstractNioByteChannel.java:151)
	at io.netty.channel.nio.NioEventLoop.processSelectedKey(NioEventLoop.java:788)
	at io.netty.channel.nio.NioEventLoop.processSelectedKeysOptimized(NioEventLoop.java:724)
	at io.netty.channel.nio.NioEventLoop.processSelectedKeys(NioEventLoop.java:650)
	at io.netty.channel.nio.NioEventLoop.run(NioEventLoop.java:562)
	at io.netty.util.concurrent.SingleThreadEventExecutor$4.run(SingleThreadEventExecutor.java:997)
	at io.netty.util.internal.ThreadExecutorMap$2.run(ThreadExecutorMap.java:74)
	at io.netty.util.concurrent.FastThreadLocalRunnable.run(FastThreadLocalRunnable.java:30)
	at java.base/java.lang.Thread.run(Thread.java:833)

Starting ChromeDriver 108.0.5359.71 (1e0e3868ee06e91ad636a874420e3ca3ae3756ac-refs/branch-heads/5359@{#1016}) on port 39385
Only local connections are allowed.
Please see https://chromedriver.chromium.org/security-considerations for suggestions on keeping ChromeDriver safe.
ChromeDriver was started successfully.
Dec 14, 2022 8:43:39 AM org.openqa.selenium.devtools.CdpVersionFinder findNearestMatch
WARNING: Unable to find an exact match for CDP version 108, so returning the closest version found: 106
]]></system-err>
  </testcase>
  <testcase name="VerifyValidUserLogin" classname="com.Restaurant.Testcases.VerifyUserLoginTest" time="7.564">
    <system-out><![CDATA[2022-12-14 08:44:04 INFO  Log:13 - =====================================VerifyValidUserLogin TEST START=========================================
Successfully Found element 
The element is Displayed
Successfully entered value
Successfully entered value
Able to click on "Login button"
Successfully Found element 
The element is Displayed
2022-12-14 08:44:09 INFO  Log:18 - =====================================VerifyValidUserLogin TEST END=========================================
Able to click on "Menu button"
Able to click on "Logout button"
]]></system-out>
    <system-err><![CDATA[Dec 14, 2022 8:43:53 AM org.openqa.selenium.remote.http.WebSocket$Listener onError
WARNING: Connection reset
java.net.SocketException: Connection reset
	at java.base/sun.nio.ch.SocketChannelImpl.throwConnectionReset(SocketChannelImpl.java:394)
	at java.base/sun.nio.ch.SocketChannelImpl.read(SocketChannelImpl.java:426)
	at io.netty.buffer.PooledByteBuf.setBytes(PooledByteBuf.java:259)
	at io.netty.buffer.AbstractByteBuf.writeBytes(AbstractByteBuf.java:1132)
	at io.netty.channel.socket.nio.NioSocketChannel.doReadBytes(NioSocketChannel.java:357)
	at io.netty.channel.nio.AbstractNioByteChannel$NioByteUnsafe.read(AbstractNioByteChannel.java:151)
	at io.netty.channel.nio.NioEventLoop.processSelectedKey(NioEventLoop.java:788)
	at io.netty.channel.nio.NioEventLoop.processSelectedKeysOptimized(NioEventLoop.java:724)
	at io.netty.channel.nio.NioEventLoop.processSelectedKeys(NioEventLoop.java:650)
	at io.netty.channel.nio.NioEventLoop.run(NioEventLoop.java:562)
	at io.netty.util.concurrent.SingleThreadEventExecutor$4.run(SingleThreadEventExecutor.java:997)
	at io.netty.util.internal.ThreadExecutorMap$2.run(ThreadExecutorMap.java:74)
	at io.netty.util.concurrent.FastThreadLocalRunnable.run(FastThreadLocalRunnable.java:30)
	at java.base/java.lang.Thread.run(Thread.java:833)

Starting ChromeDriver 108.0.5359.71 (1e0e3868ee06e91ad636a874420e3ca3ae3756ac-refs/branch-heads/5359@{#1016}) on port 30990
Only local connections are allowed.
Please see https://chromedriver.chromium.org/security-considerations for suggestions on keeping ChromeDriver safe.
ChromeDriver was started successfully.
Dec 14, 2022 8:43:55 AM org.openqa.selenium.devtools.CdpVersionFinder findNearestMatch
WARNING: Unable to find an exact match for CDP version 108, so returning the closest version found: 106
]]></system-err>
  </testcase>
</testsuite>