<?xml version="1.0" encoding="UTF-8"?>
<!-- Generated by org.testng.reporters.JUnitReportReporter -->
<testsuite hostname="DESKTOP-HLBM2PG" failures="0" tests="4" name="com.Restaurant.Testcases.VerifyUserLoginTest" time="74.778" errors="0" timestamp="2022-12-14T08:44:14 IST" skipped="0">
  <testcase classname="com.Restaurant.Testcases.VerifyUserLoginTest" name="VerifyInvalidUserLogin" time="14.342"/>
  <system-out/>
  <testcase classname="com.Restaurant.Testcases.VerifyUserLoginTest" name="VerifyInvalidUserLogin" time="24.983"/>
  <system-out/>
  <testcase classname="com.Restaurant.Testcases.VerifyUserLoginTest" name="VerifyInvalidUserLogin" time="14.273"/>
  <system-out/>
  <testcase classname="com.Restaurant.Testcases.VerifyUserLoginTest" name="VerifyValidUserLogin" time="21.180"/>
  <system-out/>
</testsuite> <!-- com.Restaurant.Testcases.VerifyUserLoginTest -->
